


ARM Macro Assembler    Page 1 


    1 00000000         ;******************** (C) COPYRIGHT 2009 STMicroelectron
                       ics ********************
    2 00000000         ;* File Name          : startup_stm32f10x_md.s
    3 00000000         ;* Author             : MCD Application Team
    4 00000000         ;* Version            : V3.0.0
    5 00000000         ;* Date               : 04/06/2009
    6 00000000         ;* Description        : STM32F10x Medium Density Devices
                        vector table for RVMDK 
    7 00000000         ;*                      toolchain.  
    8 00000000         ;*                      This module performs:
    9 00000000         ;*                      - Set the initial SP
   10 00000000         ;*                      - Set the initial PC == Reset_Ha
                       ndler
   11 00000000         ;*                      - Set the vector table entries w
                       ith the exceptions ISR address
   12 00000000         ;*                      - Branches to __main in the C li
                       brary (which eventually
   13 00000000         ;*                        calls main()).
   14 00000000         ;*                      After Reset the CortexM3 process
                       or is in Thread mode,
   15 00000000         ;*                      priority is Privileged, and the 
                       Stack is set to Main.
   16 00000000         ;* <<< Use Configuration Wizard in Context Menu >>>   
   17 00000000         ;*******************************************************
                       ************************
   18 00000000         ; THE PRESENT FIRMWARE WHICH IS FOR GUIDANCE ONLY AIMS A
                       T PROVIDING CUSTOMERS
   19 00000000         ; WITH CODING INFORMATION REGARDING THEIR PRODUCTS IN OR
                       DER FOR THEM TO SAVE TIME.
   20 00000000         ; AS A RESULT, STMICROELECTRONICS SHALL NOT BE HELD LIAB
                       LE FOR ANY DIRECT,
   21 00000000         ; INDIRECT OR CONSEQUENTIAL DAMAGES WITH RESPECT TO ANY 
                       CLAIMS ARISING FROM THE
   22 00000000         ; CONTENT OF SUCH FIRMWARE AND/OR THE USE MADE BY CUSTOM
                       ERS OF THE CODING
   23 00000000         ; INFORMATION CONTAINED HEREIN IN CONNECTION WITH THEIR 
                       PRODUCTS.
   24 00000000         ;*******************************************************
                       ************************
   25 00000000         
   26 00000000         ; Amount of memory (in bytes) allocated for Stack
   27 00000000         ; Tailor this value to your application needs
   28 00000000         ; <h> Stack Configuration
   29 00000000         ;   <o> Stack Size (in Bytes) <0x0-0xFFFFFFFF:8>
   30 00000000         ; </h>
   31 00000000         
   32 00000000 00000200 
                       Stack_Size
                               EQU              0x00000200
   33 00000000         
   34 00000000                 AREA             STACK, NOINIT, READWRITE, ALIGN
=3
   35 00000000         Stack_Mem
                               SPACE            Stack_Size
   36 00000200         __initial_sp
   37 00000200         
   38 00000200         
   39 00000200         ; <h> Heap Configuration
   40 00000200         ;   <o>  Heap Size (in Bytes) <0x0-0xFFFFFFFF:8>



ARM Macro Assembler    Page 2 


   41 00000200         ; </h>
   42 00000200         
   43 00000200 00000000 
                       Heap_Size
                               EQU              0x00000000
   44 00000200         
   45 00000200                 AREA             HEAP, NOINIT, READWRITE, ALIGN=
3
   46 00000000         __heap_base
   47 00000000         Heap_Mem
                               SPACE            Heap_Size
   48 00000000         __heap_limit
   49 00000000         
   50 00000000                 PRESERVE8
   51 00000000                 THUMB
   52 00000000         
   53 00000000         
   54 00000000         ; Vector Table Mapped to Address 0 at Reset
   55 00000000         ;定义了一个名字RESET的数据段，内容保包含了中断向量表（此
                       处只有复位异常入口），只读
   56 00000000         ;定义了几个数据
   57 00000000         ;因为只读，下面的数据放在flash空间，按照代码顺序，会放在
                       flash开始的位置
   58 00000000         
   59 00000000                 AREA             RESET, DATA, READONLY
   60 00000000 00000000 
                       __Vectors
                               DCD              __initial_sp ; Top of Stack
   61 00000004 00000000        DCD              Reset_Handler ; Reset Handler  
                                                            
   62 00000008         
   63 00000008 00000011 
              22AABBCC 
              00000033 
              00000044 
              00000055 
              00000066 
              00000077 
              00000088 
              00000000 
              00000000 
              00000000 
              00000000 src     DCD              0x11,0x22aabbcc,0x33,0x44, 0x55
,0x66,0x77,0x88, 0x00,0x00,0x00,0x00
   64 00000038 12345678 
                       MY_NUMBER
                               DCD              0x12345678
   65 0000003C 48 65 6C 
              6C 6F 20 
              77 6F 72 
              6C 64 00 HELLO_TEXT
                               DCB              "Hello world",0
   66 00000048 E000E100 
                       NVIC_IRQ_STENO
                               EQU              0xE000E100
   67 00000048 00000001 
                       NVIC_IRQ0_ENABLE
                               EQU              0x1
   68 00000048 0000F000 



ARM Macro Assembler    Page 3 


                       C       EQU              0x0000f000
   69 00000048         
   70 00000048         ;定义了一个名字为mydata的数据段，可读写
   71 00000048                 AREA             mydata, DATA ,readwrite
   72 00000000 00000000 
              00000000 
              00000000 
              00000000 
              00000000 
              00000000 
              00000000 
              00000000 
              00000000 
              00000000 dst     DCD              0,0,0,0,0,0,0,0,0,0
   73 00000028 E123E456 
                       const   EQU              0xe123e456
   74 00000028 00000000 
              00000000 
              00000000 
              00000000 Array2  DCD              0,0,0,0
   75 00000038         
   76 00000038         ;定义了一个代码段，在flash空间
   77 00000038                 AREA             |.text|, CODE, readonly
   78 00000000         ; Reset handler routine
   79 00000000         Reset_Handler
                               PROC
   80 00000000                 EXPORT           Reset_Handler             [WEAK
]
   81 00000000         
   82 00000000         
   83 00000000         
   84 00000000         ;示例
   85 00000000         
   86 00000000         ;LDR R1,=src  ; 
   87 00000000         ;LDR R4,=Array2
   88 00000000         ;LDR R2,[R1]
   89 00000000         ;LDR R3,[R1,#8] ;
   90 00000000         ;ADD R0,R2,R3
   91 00000000         ;STR R0,[R4,#32]   ;
   92 00000000         ;STOP
   93 00000000         ;B STOP 
   94 00000000         
   95 00000000         ;测试LDR和MOV传送立即数
   96 00000000 F7FF FFFE       BL               COPY_SRC_TO_DST
   97 00000004         
   98 00000004 4F1E            LDR              R7,=dst     ;
   99 00000006 481F            LDR              r0, =src
  100 00000008 4638            MOV              R0, R7
  101 0000000A F04F 010A       MOV              R1, #10
  102 0000000E F7FF FFFE       bl               BUBBLE_SORT
  103 00000012 F04F 0109       MOV              R1, #0X9
  104 00000016         
  105 00000016                 ENDP
  106 00000016         
  107 00000016         
  108 00000016         
  109 00000016         BUBBLE_SORT
                               PROC
  110 00000016                 EXPORT           BUBBLE_SORT



ARM Macro Assembler    Page 4 


  111 00000016 B5F0            PUSH             {R4-R7,LR}  ; save callee-saved
                                                             and LR
  112 00000018         ; R0 = array base, R1 = n
  113 00000018 F04F 0200       MOV              R2, #0      ; i = 0
  114 0000001C         OUTER_LOOP
  115 0000001C         ; compute (n - i)
  116 0000001C 1A8B            SUBS             R3, R1, R2
  117 0000001E 2B01            CMP              R3, #1
  118 00000020 DD10            BLE              BS_DONE     ; if n - i <= 1 don
                                                            e
  119 00000022 1E5B            SUBS             R3, R3, #1  ; limit = n - i - 1
                                                            
  120 00000024 F04F 0400       MOV              R4, #0      ; j = 0
  121 00000028         INNER_LOOP
  122 00000028 429C            CMP              R4, R3
  123 0000002A DA09            BGE              INNER_END
  124 0000002C         ; addr = R0 + j*4
  125 0000002C EB00 0584       ADD              R5, R0, R4, LSL #2
  126 00000030 682E            LDR              R6, [R5]    ; a[j]
  127 00000032 686F            LDR              R7, [R5, #4] ; a[j+1]
  128 00000034 42BE            CMP              R6, R7
  129 00000036 D901            BLS              NO_SWAP
  130 00000038 602F            STR              R7, [R5]
  131 0000003A 606E            STR              R6, [R5, #4]
  132 0000003C         NO_SWAP
  133 0000003C 1C64            ADDS             R4, R4, #1
  134 0000003E E7F3            B                INNER_LOOP
  135 00000040         INNER_END
  136 00000040 1C52            ADDS             R2, R2, #1
  137 00000042 E7EB            B                OUTER_LOOP
  138 00000044         BS_DONE
  139 00000044 E8BD 40F0       POP              {R4-R7,LR}
  140 00000048 4770            BX               LR
  141 0000004A                 ENDP
  142 0000004A         
  143 0000004A         COPY_SRC_TO_DST
                               PROC
  144 0000004A B5F0            PUSH             {R4-R7,LR}
  145 0000004C 480D            LDR              R0, =src    ; source base
  146 0000004E 490C            LDR              R1, =dst    ; dest base
  147 00000050 F04F 020A       MOV              R2, #10     ; count (words)
  148 00000054         COPY_LOOP
  149 00000054 2A00            CMP              R2, #0
  150 00000056 D005            BEQ              COPY_DONE
  151 00000058 F850 3B04       LDR              R3, [R0], #4 
                                                            ; load *R0, R0 += 4
                                                            
  152 0000005C F841 3B04       STR              R3, [R1], #4 ; store to *R1, R1
                                                             += 4
  153 00000060 1E52            SUBS             R2, R2, #1
  154 00000062 E7F7            B                COPY_LOOP
  155 00000064         COPY_DONE
  156 00000064 E8BD 40F0       POP              {R4-R7,LR}
  157 00000068 4770            BX               LR
  158 0000006A                 ENDP
  159 0000006A         
  160 0000006A         ; Dummy Exception Handlers (infinite loops which can be 
                       modified)
  161 0000006A         



ARM Macro Assembler    Page 5 


  162 0000006A         NMI_Handler
                               PROC
  163 0000006A                 EXPORT           NMI_Handler                [WEA
K]
  164 0000006A E7FE            B                .
  165 0000006C                 ENDP
  167 0000006C         HardFault_Handler
                               PROC
  168 0000006C                 EXPORT           HardFault_Handler          [WEA
K]
  169 0000006C E7FE            B                .
  170 0000006E                 ENDP
  172 0000006E         MemManage_Handler
                               PROC
  173 0000006E                 EXPORT           MemManage_Handler          [WEA
K]
  174 0000006E E7FE            B                .
  175 00000070                 ENDP
  177 00000070         BusFault_Handler
                               PROC
  178 00000070                 EXPORT           BusFault_Handler           [WEA
K]
  179 00000070 E7FE            B                .
  180 00000072                 ENDP
  182 00000072         UsageFault_Handler
                               PROC
  183 00000072                 EXPORT           UsageFault_Handler         [WEA
K]
  184 00000072 E7FE            B                .
  185 00000074                 ENDP
  186 00000074         SVC_Handler
                               PROC
  187 00000074                 EXPORT           SVC_Handler                [WEA
K]
  188 00000074 E7FE            B                .
  189 00000076                 ENDP
  191 00000076         DebugMon_Handler
                               PROC
  192 00000076                 EXPORT           DebugMon_Handler           [WEA
K]
  193 00000076 E7FE            B                .
  194 00000078                 ENDP
  195 00000078         PendSV_Handler
                               PROC
  196 00000078                 EXPORT           PendSV_Handler             [WEA
K]
  197 00000078 E7FE            B                .
  198 0000007A                 ENDP
  199 0000007A         SysTick_Handler
                               PROC
  200 0000007A                 EXPORT           SysTick_Handler            [WEA
K]
  201 0000007A E7FE            B                .
  202 0000007C                 ENDP
  203 0000007C         
  204 0000007C         Default_Handler
                               PROC
  205 0000007C         
  206 0000007C                 EXPORT           WWDG_IRQHandler            [WEA



ARM Macro Assembler    Page 6 


K]
  207 0000007C                 EXPORT           PVD_IRQHandler             [WEA
K]
  208 0000007C                 EXPORT           TAMPER_IRQHandler          [WEA
K]
  209 0000007C                 EXPORT           RTC_IRQHandler             [WEA
K]
  210 0000007C                 EXPORT           FLASH_IRQHandler           [WEA
K]
  211 0000007C                 EXPORT           RCC_IRQHandler             [WEA
K]
  212 0000007C                 EXPORT           EXTI0_IRQHandler           [WEA
K]
  213 0000007C                 EXPORT           EXTI1_IRQHandler           [WEA
K]
  214 0000007C                 EXPORT           EXTI2_IRQHandler           [WEA
K]
  215 0000007C                 EXPORT           EXTI3_IRQHandler           [WEA
K]
  216 0000007C                 EXPORT           EXTI4_IRQHandler           [WEA
K]
  217 0000007C                 EXPORT           DMA1_Channel1_IRQHandler   [WEA
K]
  218 0000007C                 EXPORT           DMA1_Channel2_IRQHandler   [WEA
K]
  219 0000007C                 EXPORT           DMA1_Channel3_IRQHandler   [WEA
K]
  220 0000007C                 EXPORT           DMA1_Channel4_IRQHandler   [WEA
K]
  221 0000007C                 EXPORT           DMA1_Channel5_IRQHandler   [WEA
K]
  222 0000007C                 EXPORT           DMA1_Channel6_IRQHandler   [WEA
K]
  223 0000007C                 EXPORT           DMA1_Channel7_IRQHandler   [WEA
K]
  224 0000007C                 EXPORT           ADC1_2_IRQHandler          [WEA
K]
  225 0000007C                 EXPORT           USB_HP_CAN1_TX_IRQHandler  [WEA
K]
  226 0000007C                 EXPORT           USB_LP_CAN1_RX0_IRQHandler [WEA
K]
  227 0000007C                 EXPORT           CAN1_RX1_IRQHandler        [WEA
K]
  228 0000007C                 EXPORT           CAN1_SCE_IRQHandler        [WEA
K]
  229 0000007C                 EXPORT           EXTI9_5_IRQHandler         [WEA
K]
  230 0000007C                 EXPORT           TIM1_BRK_IRQHandler        [WEA
K]
  231 0000007C                 EXPORT           TIM1_UP_IRQHandler         [WEA
K]
  232 0000007C                 EXPORT           TIM1_TRG_COM_IRQHandler    [WEA
K]
  233 0000007C                 EXPORT           TIM1_CC_IRQHandler         [WEA
K]
  234 0000007C                 EXPORT           TIM2_IRQHandler            [WEA
K]
  235 0000007C                 EXPORT           TIM3_IRQHandler            [WEA
K]



ARM Macro Assembler    Page 7 


  236 0000007C                 EXPORT           TIM4_IRQHandler            [WEA
K]
  237 0000007C                 EXPORT           I2C1_EV_IRQHandler         [WEA
K]
  238 0000007C                 EXPORT           I2C1_ER_IRQHandler         [WEA
K]
  239 0000007C                 EXPORT           I2C2_EV_IRQHandler         [WEA
K]
  240 0000007C                 EXPORT           I2C2_ER_IRQHandler         [WEA
K]
  241 0000007C                 EXPORT           SPI1_IRQHandler            [WEA
K]
  242 0000007C                 EXPORT           SPI2_IRQHandler            [WEA
K]
  243 0000007C                 EXPORT           USART1_IRQHandler          [WEA
K]
  244 0000007C                 EXPORT           USART2_IRQHandler          [WEA
K]
  245 0000007C                 EXPORT           USART3_IRQHandler          [WEA
K]
  246 0000007C                 EXPORT           EXTI15_10_IRQHandler       [WEA
K]
  247 0000007C                 EXPORT           RTCAlarm_IRQHandler        [WEA
K]
  248 0000007C                 EXPORT           USBWakeUp_IRQHandler       [WEA
K]
  249 0000007C         
  250 0000007C         WWDG_IRQHandler
  251 0000007C         PVD_IRQHandler
  252 0000007C         TAMPER_IRQHandler
  253 0000007C         RTC_IRQHandler
  254 0000007C         FLASH_IRQHandler
  255 0000007C         RCC_IRQHandler
  256 0000007C         EXTI0_IRQHandler
  257 0000007C         EXTI1_IRQHandler
  258 0000007C         EXTI2_IRQHandler
  259 0000007C         EXTI3_IRQHandler
  260 0000007C         EXTI4_IRQHandler
  261 0000007C         DMA1_Channel1_IRQHandler
  262 0000007C         DMA1_Channel2_IRQHandler
  263 0000007C         DMA1_Channel3_IRQHandler
  264 0000007C         DMA1_Channel4_IRQHandler
  265 0000007C         DMA1_Channel5_IRQHandler
  266 0000007C         DMA1_Channel6_IRQHandler
  267 0000007C         DMA1_Channel7_IRQHandler
  268 0000007C         ADC1_2_IRQHandler
  269 0000007C         USB_HP_CAN1_TX_IRQHandler
  270 0000007C         USB_LP_CAN1_RX0_IRQHandler
  271 0000007C         CAN1_RX1_IRQHandler
  272 0000007C         CAN1_SCE_IRQHandler
  273 0000007C         EXTI9_5_IRQHandler
  274 0000007C         TIM1_BRK_IRQHandler
  275 0000007C         TIM1_UP_IRQHandler
  276 0000007C         TIM1_TRG_COM_IRQHandler
  277 0000007C         TIM1_CC_IRQHandler
  278 0000007C         TIM2_IRQHandler
  279 0000007C         TIM3_IRQHandler
  280 0000007C         TIM4_IRQHandler
  281 0000007C         I2C1_EV_IRQHandler



ARM Macro Assembler    Page 8 


  282 0000007C         I2C1_ER_IRQHandler
  283 0000007C         I2C2_EV_IRQHandler
  284 0000007C         I2C2_ER_IRQHandler
  285 0000007C         SPI1_IRQHandler
  286 0000007C         SPI2_IRQHandler
  287 0000007C         USART1_IRQHandler
  288 0000007C         USART2_IRQHandler
  289 0000007C         USART3_IRQHandler
  290 0000007C         EXTI15_10_IRQHandler
  291 0000007C         RTCAlarm_IRQHandler
  292 0000007C         USBWakeUp_IRQHandler
  293 0000007C         
  294 0000007C E7FE            B                .
  295 0000007E         
  296 0000007E                 ENDP
  297 0000007E         
  298 0000007E 00 00           ALIGN
  299 00000080         
  300 00000080         ;*******************************************************
                       ************************
  301 00000080         ; User Stack and Heap initialization
  302 00000080         ;*******************************************************
                       ************************
  303 00000080                 IF               :DEF:__MICROLIB
  304 00000080         
  305 00000080                 EXPORT           __initial_sp
  306 00000080                 EXPORT           __heap_base
  307 00000080                 EXPORT           __heap_limit
  308 00000080         
  309 00000080                 ELSE
  324                          ENDIF
  325 00000080         
  326 00000080                 END
              00000000 
              00000000 
Command Line: --debug --xref --diag_suppress=9931 --cpu=Cortex-M3 --apcs=interw
ork --depend=.\obj\startup_stm32f10x_md.d -o.\obj\startup_stm32f10x_md.o -I.\RT
E\_STM3210B-EVAL -IC:\Users\28646\AppData\Local\Arm\Packs\ARM\CMSIS\5.9.0\CMSIS
\Core\Include -IC:\Users\28646\AppData\Local\Arm\Packs\Keil\STM32F1xx_DFP\1.1.0
\Device\Include --predefine="__MICROLIB SETA 1" --predefine="__UVISION_VERSION 
SETA 539" --predefine="_RTE_ SETA 1" --predefine="STM32F10X_MD SETA 1" --predef
ine="_RTE_ SETA 1" --list=.\list\startup_stm32f10x_md.lst ..\..\..\Libraries\CM
SIS\Core\CM3\startup\arm\startup_stm32f10x_md.s



ARM Macro Assembler    Page 1 Alphabetic symbol ordering
Relocatable symbols

STACK 00000000

Symbol: STACK
   Definitions
      At line 34 in file ..\..\..\Libraries\CMSIS\Core\CM3\startup\arm\startup_
stm32f10x_md.s
   Uses
      None
Comment: STACK unused
Stack_Mem 00000000

Symbol: Stack_Mem
   Definitions
      At line 35 in file ..\..\..\Libraries\CMSIS\Core\CM3\startup\arm\startup_
stm32f10x_md.s
   Uses
      None
Comment: Stack_Mem unused
__initial_sp 00000200

Symbol: __initial_sp
   Definitions
      At line 36 in file ..\..\..\Libraries\CMSIS\Core\CM3\startup\arm\startup_
stm32f10x_md.s
   Uses
      At line 60 in file ..\..\..\Libraries\CMSIS\Core\CM3\startup\arm\startup_
stm32f10x_md.s
      At line 305 in file ..\..\..\Libraries\CMSIS\Core\CM3\startup\arm\startup
_stm32f10x_md.s

3 symbols



ARM Macro Assembler    Page 1 Alphabetic symbol ordering
Relocatable symbols

HEAP 00000000

Symbol: HEAP
   Definitions
      At line 45 in file ..\..\..\Libraries\CMSIS\Core\CM3\startup\arm\startup_
stm32f10x_md.s
   Uses
      None
Comment: HEAP unused
Heap_Mem 00000000

Symbol: Heap_Mem
   Definitions
      At line 47 in file ..\..\..\Libraries\CMSIS\Core\CM3\startup\arm\startup_
stm32f10x_md.s
   Uses
      None
Comment: Heap_Mem unused
__heap_base 00000000

Symbol: __heap_base
   Definitions
      At line 46 in file ..\..\..\Libraries\CMSIS\Core\CM3\startup\arm\startup_
stm32f10x_md.s
   Uses
      At line 306 in file ..\..\..\Libraries\CMSIS\Core\CM3\startup\arm\startup
_stm32f10x_md.s
Comment: __heap_base used once
__heap_limit 00000000

Symbol: __heap_limit
   Definitions
      At line 48 in file ..\..\..\Libraries\CMSIS\Core\CM3\startup\arm\startup_
stm32f10x_md.s
   Uses
      At line 307 in file ..\..\..\Libraries\CMSIS\Core\CM3\startup\arm\startup
_stm32f10x_md.s
Comment: __heap_limit used once
4 symbols



ARM Macro Assembler    Page 1 Alphabetic symbol ordering
Relocatable symbols

HELLO_TEXT 0000003C

Symbol: HELLO_TEXT
   Definitions
      At line 65 in file ..\..\..\Libraries\CMSIS\Core\CM3\startup\arm\startup_
stm32f10x_md.s
   Uses
      None
Comment: HELLO_TEXT unused
MY_NUMBER 00000038

Symbol: MY_NUMBER
   Definitions
      At line 64 in file ..\..\..\Libraries\CMSIS\Core\CM3\startup\arm\startup_
stm32f10x_md.s
   Uses
      None
Comment: MY_NUMBER unused
RESET 00000000

Symbol: RESET
   Definitions
      At line 59 in file ..\..\..\Libraries\CMSIS\Core\CM3\startup\arm\startup_
stm32f10x_md.s
   Uses
      None
Comment: RESET unused
__Vectors 00000000

Symbol: __Vectors
   Definitions
      At line 60 in file ..\..\..\Libraries\CMSIS\Core\CM3\startup\arm\startup_
stm32f10x_md.s
   Uses
      None
Comment: __Vectors unused
src 00000008

Symbol: src
   Definitions
      At line 63 in file ..\..\..\Libraries\CMSIS\Core\CM3\startup\arm\startup_
stm32f10x_md.s
   Uses
      At line 99 in file ..\..\..\Libraries\CMSIS\Core\CM3\startup\arm\startup_
stm32f10x_md.s
      At line 145 in file ..\..\..\Libraries\CMSIS\Core\CM3\startup\arm\startup
_stm32f10x_md.s

5 symbols



ARM Macro Assembler    Page 1 Alphabetic symbol ordering
Relocatable symbols

Array2 00000028

Symbol: Array2
   Definitions
      At line 74 in file ..\..\..\Libraries\CMSIS\Core\CM3\startup\arm\startup_
stm32f10x_md.s
   Uses
      None
Comment: Array2 unused
dst 00000000

Symbol: dst
   Definitions
      At line 72 in file ..\..\..\Libraries\CMSIS\Core\CM3\startup\arm\startup_
stm32f10x_md.s
   Uses
      At line 98 in file ..\..\..\Libraries\CMSIS\Core\CM3\startup\arm\startup_
stm32f10x_md.s
      At line 146 in file ..\..\..\Libraries\CMSIS\Core\CM3\startup\arm\startup
_stm32f10x_md.s

mydata 00000000

Symbol: mydata
   Definitions
      At line 71 in file ..\..\..\Libraries\CMSIS\Core\CM3\startup\arm\startup_
stm32f10x_md.s
   Uses
      None
Comment: mydata unused
3 symbols



ARM Macro Assembler    Page 1 Alphabetic symbol ordering
Relocatable symbols

.text 00000000

Symbol: .text
   Definitions
      At line 77 in file ..\..\..\Libraries\CMSIS\Core\CM3\startup\arm\startup_
stm32f10x_md.s
   Uses
      None
Comment: .text unused
ADC1_2_IRQHandler 0000007C

Symbol: ADC1_2_IRQHandler
   Definitions
      At line 268 in file ..\..\..\Libraries\CMSIS\Core\CM3\startup\arm\startup
_stm32f10x_md.s
   Uses
      At line 224 in file ..\..\..\Libraries\CMSIS\Core\CM3\startup\arm\startup
_stm32f10x_md.s
Comment: ADC1_2_IRQHandler used once
BS_DONE 00000044

Symbol: BS_DONE
   Definitions
      At line 138 in file ..\..\..\Libraries\CMSIS\Core\CM3\startup\arm\startup
_stm32f10x_md.s
   Uses
      At line 118 in file ..\..\..\Libraries\CMSIS\Core\CM3\startup\arm\startup
_stm32f10x_md.s
Comment: BS_DONE used once
BUBBLE_SORT 00000016

Symbol: BUBBLE_SORT
   Definitions
      At line 109 in file ..\..\..\Libraries\CMSIS\Core\CM3\startup\arm\startup
_stm32f10x_md.s
   Uses
      At line 102 in file ..\..\..\Libraries\CMSIS\Core\CM3\startup\arm\startup
_stm32f10x_md.s
      At line 110 in file ..\..\..\Libraries\CMSIS\Core\CM3\startup\arm\startup
_stm32f10x_md.s

BusFault_Handler 00000070

Symbol: BusFault_Handler
   Definitions
      At line 177 in file ..\..\..\Libraries\CMSIS\Core\CM3\startup\arm\startup
_stm32f10x_md.s
   Uses
      At line 178 in file ..\..\..\Libraries\CMSIS\Core\CM3\startup\arm\startup
_stm32f10x_md.s
Comment: BusFault_Handler used once
CAN1_RX1_IRQHandler 0000007C

Symbol: CAN1_RX1_IRQHandler
   Definitions
      At line 271 in file ..\..\..\Libraries\CMSIS\Core\CM3\startup\arm\startup
_stm32f10x_md.s
   Uses
      At line 227 in file ..\..\..\Libraries\CMSIS\Core\CM3\startup\arm\startup



ARM Macro Assembler    Page 2 Alphabetic symbol ordering
Relocatable symbols

_stm32f10x_md.s
Comment: CAN1_RX1_IRQHandler used once
CAN1_SCE_IRQHandler 0000007C

Symbol: CAN1_SCE_IRQHandler
   Definitions
      At line 272 in file ..\..\..\Libraries\CMSIS\Core\CM3\startup\arm\startup
_stm32f10x_md.s
   Uses
      At line 228 in file ..\..\..\Libraries\CMSIS\Core\CM3\startup\arm\startup
_stm32f10x_md.s
Comment: CAN1_SCE_IRQHandler used once
COPY_DONE 00000064

Symbol: COPY_DONE
   Definitions
      At line 155 in file ..\..\..\Libraries\CMSIS\Core\CM3\startup\arm\startup
_stm32f10x_md.s
   Uses
      At line 150 in file ..\..\..\Libraries\CMSIS\Core\CM3\startup\arm\startup
_stm32f10x_md.s
Comment: COPY_DONE used once
COPY_LOOP 00000054

Symbol: COPY_LOOP
   Definitions
      At line 148 in file ..\..\..\Libraries\CMSIS\Core\CM3\startup\arm\startup
_stm32f10x_md.s
   Uses
      At line 154 in file ..\..\..\Libraries\CMSIS\Core\CM3\startup\arm\startup
_stm32f10x_md.s
Comment: COPY_LOOP used once
COPY_SRC_TO_DST 0000004A

Symbol: COPY_SRC_TO_DST
   Definitions
      At line 143 in file ..\..\..\Libraries\CMSIS\Core\CM3\startup\arm\startup
_stm32f10x_md.s
   Uses
      At line 96 in file ..\..\..\Libraries\CMSIS\Core\CM3\startup\arm\startup_
stm32f10x_md.s
Comment: COPY_SRC_TO_DST used once
DMA1_Channel1_IRQHandler 0000007C

Symbol: DMA1_Channel1_IRQHandler
   Definitions
      At line 261 in file ..\..\..\Libraries\CMSIS\Core\CM3\startup\arm\startup
_stm32f10x_md.s
   Uses
      At line 217 in file ..\..\..\Libraries\CMSIS\Core\CM3\startup\arm\startup
_stm32f10x_md.s
Comment: DMA1_Channel1_IRQHandler used once
DMA1_Channel2_IRQHandler 0000007C

Symbol: DMA1_Channel2_IRQHandler
   Definitions
      At line 262 in file ..\..\..\Libraries\CMSIS\Core\CM3\startup\arm\startup
_stm32f10x_md.s
   Uses



ARM Macro Assembler    Page 3 Alphabetic symbol ordering
Relocatable symbols

      At line 218 in file ..\..\..\Libraries\CMSIS\Core\CM3\startup\arm\startup
_stm32f10x_md.s
Comment: DMA1_Channel2_IRQHandler used once
DMA1_Channel3_IRQHandler 0000007C

Symbol: DMA1_Channel3_IRQHandler
   Definitions
      At line 263 in file ..\..\..\Libraries\CMSIS\Core\CM3\startup\arm\startup
_stm32f10x_md.s
   Uses
      At line 219 in file ..\..\..\Libraries\CMSIS\Core\CM3\startup\arm\startup
_stm32f10x_md.s
Comment: DMA1_Channel3_IRQHandler used once
DMA1_Channel4_IRQHandler 0000007C

Symbol: DMA1_Channel4_IRQHandler
   Definitions
      At line 264 in file ..\..\..\Libraries\CMSIS\Core\CM3\startup\arm\startup
_stm32f10x_md.s
   Uses
      At line 220 in file ..\..\..\Libraries\CMSIS\Core\CM3\startup\arm\startup
_stm32f10x_md.s
Comment: DMA1_Channel4_IRQHandler used once
DMA1_Channel5_IRQHandler 0000007C

Symbol: DMA1_Channel5_IRQHandler
   Definitions
      At line 265 in file ..\..\..\Libraries\CMSIS\Core\CM3\startup\arm\startup
_stm32f10x_md.s
   Uses
      At line 221 in file ..\..\..\Libraries\CMSIS\Core\CM3\startup\arm\startup
_stm32f10x_md.s
Comment: DMA1_Channel5_IRQHandler used once
DMA1_Channel6_IRQHandler 0000007C

Symbol: DMA1_Channel6_IRQHandler
   Definitions
      At line 266 in file ..\..\..\Libraries\CMSIS\Core\CM3\startup\arm\startup
_stm32f10x_md.s
   Uses
      At line 222 in file ..\..\..\Libraries\CMSIS\Core\CM3\startup\arm\startup
_stm32f10x_md.s
Comment: DMA1_Channel6_IRQHandler used once
DMA1_Channel7_IRQHandler 0000007C

Symbol: DMA1_Channel7_IRQHandler
   Definitions
      At line 267 in file ..\..\..\Libraries\CMSIS\Core\CM3\startup\arm\startup
_stm32f10x_md.s
   Uses
      At line 223 in file ..\..\..\Libraries\CMSIS\Core\CM3\startup\arm\startup
_stm32f10x_md.s
Comment: DMA1_Channel7_IRQHandler used once
DebugMon_Handler 00000076

Symbol: DebugMon_Handler
   Definitions
      At line 191 in file ..\..\..\Libraries\CMSIS\Core\CM3\startup\arm\startup
_stm32f10x_md.s



ARM Macro Assembler    Page 4 Alphabetic symbol ordering
Relocatable symbols

   Uses
      At line 192 in file ..\..\..\Libraries\CMSIS\Core\CM3\startup\arm\startup
_stm32f10x_md.s
Comment: DebugMon_Handler used once
Default_Handler 0000007C

Symbol: Default_Handler
   Definitions
      At line 204 in file ..\..\..\Libraries\CMSIS\Core\CM3\startup\arm\startup
_stm32f10x_md.s
   Uses
      None
Comment: Default_Handler unused
EXTI0_IRQHandler 0000007C

Symbol: EXTI0_IRQHandler
   Definitions
      At line 256 in file ..\..\..\Libraries\CMSIS\Core\CM3\startup\arm\startup
_stm32f10x_md.s
   Uses
      At line 212 in file ..\..\..\Libraries\CMSIS\Core\CM3\startup\arm\startup
_stm32f10x_md.s
Comment: EXTI0_IRQHandler used once
EXTI15_10_IRQHandler 0000007C

Symbol: EXTI15_10_IRQHandler
   Definitions
      At line 290 in file ..\..\..\Libraries\CMSIS\Core\CM3\startup\arm\startup
_stm32f10x_md.s
   Uses
      At line 246 in file ..\..\..\Libraries\CMSIS\Core\CM3\startup\arm\startup
_stm32f10x_md.s
Comment: EXTI15_10_IRQHandler used once
EXTI1_IRQHandler 0000007C

Symbol: EXTI1_IRQHandler
   Definitions
      At line 257 in file ..\..\..\Libraries\CMSIS\Core\CM3\startup\arm\startup
_stm32f10x_md.s
   Uses
      At line 213 in file ..\..\..\Libraries\CMSIS\Core\CM3\startup\arm\startup
_stm32f10x_md.s
Comment: EXTI1_IRQHandler used once
EXTI2_IRQHandler 0000007C

Symbol: EXTI2_IRQHandler
   Definitions
      At line 258 in file ..\..\..\Libraries\CMSIS\Core\CM3\startup\arm\startup
_stm32f10x_md.s
   Uses
      At line 214 in file ..\..\..\Libraries\CMSIS\Core\CM3\startup\arm\startup
_stm32f10x_md.s
Comment: EXTI2_IRQHandler used once
EXTI3_IRQHandler 0000007C

Symbol: EXTI3_IRQHandler
   Definitions
      At line 259 in file ..\..\..\Libraries\CMSIS\Core\CM3\startup\arm\startup
_stm32f10x_md.s



ARM Macro Assembler    Page 5 Alphabetic symbol ordering
Relocatable symbols

   Uses
      At line 215 in file ..\..\..\Libraries\CMSIS\Core\CM3\startup\arm\startup
_stm32f10x_md.s
Comment: EXTI3_IRQHandler used once
EXTI4_IRQHandler 0000007C

Symbol: EXTI4_IRQHandler
   Definitions
      At line 260 in file ..\..\..\Libraries\CMSIS\Core\CM3\startup\arm\startup
_stm32f10x_md.s
   Uses
      At line 216 in file ..\..\..\Libraries\CMSIS\Core\CM3\startup\arm\startup
_stm32f10x_md.s
Comment: EXTI4_IRQHandler used once
EXTI9_5_IRQHandler 0000007C

Symbol: EXTI9_5_IRQHandler
   Definitions
      At line 273 in file ..\..\..\Libraries\CMSIS\Core\CM3\startup\arm\startup
_stm32f10x_md.s
   Uses
      At line 229 in file ..\..\..\Libraries\CMSIS\Core\CM3\startup\arm\startup
_stm32f10x_md.s
Comment: EXTI9_5_IRQHandler used once
FLASH_IRQHandler 0000007C

Symbol: FLASH_IRQHandler
   Definitions
      At line 254 in file ..\..\..\Libraries\CMSIS\Core\CM3\startup\arm\startup
_stm32f10x_md.s
   Uses
      At line 210 in file ..\..\..\Libraries\CMSIS\Core\CM3\startup\arm\startup
_stm32f10x_md.s
Comment: FLASH_IRQHandler used once
HardFault_Handler 0000006C

Symbol: HardFault_Handler
   Definitions
      At line 167 in file ..\..\..\Libraries\CMSIS\Core\CM3\startup\arm\startup
_stm32f10x_md.s
   Uses
      At line 168 in file ..\..\..\Libraries\CMSIS\Core\CM3\startup\arm\startup
_stm32f10x_md.s
Comment: HardFault_Handler used once
I2C1_ER_IRQHandler 0000007C

Symbol: I2C1_ER_IRQHandler
   Definitions
      At line 282 in file ..\..\..\Libraries\CMSIS\Core\CM3\startup\arm\startup
_stm32f10x_md.s
   Uses
      At line 238 in file ..\..\..\Libraries\CMSIS\Core\CM3\startup\arm\startup
_stm32f10x_md.s
Comment: I2C1_ER_IRQHandler used once
I2C1_EV_IRQHandler 0000007C

Symbol: I2C1_EV_IRQHandler
   Definitions
      At line 281 in file ..\..\..\Libraries\CMSIS\Core\CM3\startup\arm\startup



ARM Macro Assembler    Page 6 Alphabetic symbol ordering
Relocatable symbols

_stm32f10x_md.s
   Uses
      At line 237 in file ..\..\..\Libraries\CMSIS\Core\CM3\startup\arm\startup
_stm32f10x_md.s
Comment: I2C1_EV_IRQHandler used once
I2C2_ER_IRQHandler 0000007C

Symbol: I2C2_ER_IRQHandler
   Definitions
      At line 284 in file ..\..\..\Libraries\CMSIS\Core\CM3\startup\arm\startup
_stm32f10x_md.s
   Uses
      At line 240 in file ..\..\..\Libraries\CMSIS\Core\CM3\startup\arm\startup
_stm32f10x_md.s
Comment: I2C2_ER_IRQHandler used once
I2C2_EV_IRQHandler 0000007C

Symbol: I2C2_EV_IRQHandler
   Definitions
      At line 283 in file ..\..\..\Libraries\CMSIS\Core\CM3\startup\arm\startup
_stm32f10x_md.s
   Uses
      At line 239 in file ..\..\..\Libraries\CMSIS\Core\CM3\startup\arm\startup
_stm32f10x_md.s
Comment: I2C2_EV_IRQHandler used once
INNER_END 00000040

Symbol: INNER_END
   Definitions
      At line 135 in file ..\..\..\Libraries\CMSIS\Core\CM3\startup\arm\startup
_stm32f10x_md.s
   Uses
      At line 123 in file ..\..\..\Libraries\CMSIS\Core\CM3\startup\arm\startup
_stm32f10x_md.s
Comment: INNER_END used once
INNER_LOOP 00000028

Symbol: INNER_LOOP
   Definitions
      At line 121 in file ..\..\..\Libraries\CMSIS\Core\CM3\startup\arm\startup
_stm32f10x_md.s
   Uses
      At line 134 in file ..\..\..\Libraries\CMSIS\Core\CM3\startup\arm\startup
_stm32f10x_md.s
Comment: INNER_LOOP used once
MemManage_Handler 0000006E

Symbol: MemManage_Handler
   Definitions
      At line 172 in file ..\..\..\Libraries\CMSIS\Core\CM3\startup\arm\startup
_stm32f10x_md.s
   Uses
      At line 173 in file ..\..\..\Libraries\CMSIS\Core\CM3\startup\arm\startup
_stm32f10x_md.s
Comment: MemManage_Handler used once
NMI_Handler 0000006A

Symbol: NMI_Handler
   Definitions



ARM Macro Assembler    Page 7 Alphabetic symbol ordering
Relocatable symbols

      At line 162 in file ..\..\..\Libraries\CMSIS\Core\CM3\startup\arm\startup
_stm32f10x_md.s
   Uses
      At line 163 in file ..\..\..\Libraries\CMSIS\Core\CM3\startup\arm\startup
_stm32f10x_md.s
Comment: NMI_Handler used once
NO_SWAP 0000003C

Symbol: NO_SWAP
   Definitions
      At line 132 in file ..\..\..\Libraries\CMSIS\Core\CM3\startup\arm\startup
_stm32f10x_md.s
   Uses
      At line 129 in file ..\..\..\Libraries\CMSIS\Core\CM3\startup\arm\startup
_stm32f10x_md.s
Comment: NO_SWAP used once
OUTER_LOOP 0000001C

Symbol: OUTER_LOOP
   Definitions
      At line 114 in file ..\..\..\Libraries\CMSIS\Core\CM3\startup\arm\startup
_stm32f10x_md.s
   Uses
      At line 137 in file ..\..\..\Libraries\CMSIS\Core\CM3\startup\arm\startup
_stm32f10x_md.s
Comment: OUTER_LOOP used once
PVD_IRQHandler 0000007C

Symbol: PVD_IRQHandler
   Definitions
      At line 251 in file ..\..\..\Libraries\CMSIS\Core\CM3\startup\arm\startup
_stm32f10x_md.s
   Uses
      At line 207 in file ..\..\..\Libraries\CMSIS\Core\CM3\startup\arm\startup
_stm32f10x_md.s
Comment: PVD_IRQHandler used once
PendSV_Handler 00000078

Symbol: PendSV_Handler
   Definitions
      At line 195 in file ..\..\..\Libraries\CMSIS\Core\CM3\startup\arm\startup
_stm32f10x_md.s
   Uses
      At line 196 in file ..\..\..\Libraries\CMSIS\Core\CM3\startup\arm\startup
_stm32f10x_md.s
Comment: PendSV_Handler used once
RCC_IRQHandler 0000007C

Symbol: RCC_IRQHandler
   Definitions
      At line 255 in file ..\..\..\Libraries\CMSIS\Core\CM3\startup\arm\startup
_stm32f10x_md.s
   Uses
      At line 211 in file ..\..\..\Libraries\CMSIS\Core\CM3\startup\arm\startup
_stm32f10x_md.s
Comment: RCC_IRQHandler used once
RTCAlarm_IRQHandler 0000007C

Symbol: RTCAlarm_IRQHandler



ARM Macro Assembler    Page 8 Alphabetic symbol ordering
Relocatable symbols

   Definitions
      At line 291 in file ..\..\..\Libraries\CMSIS\Core\CM3\startup\arm\startup
_stm32f10x_md.s
   Uses
      At line 247 in file ..\..\..\Libraries\CMSIS\Core\CM3\startup\arm\startup
_stm32f10x_md.s
Comment: RTCAlarm_IRQHandler used once
RTC_IRQHandler 0000007C

Symbol: RTC_IRQHandler
   Definitions
      At line 253 in file ..\..\..\Libraries\CMSIS\Core\CM3\startup\arm\startup
_stm32f10x_md.s
   Uses
      At line 209 in file ..\..\..\Libraries\CMSIS\Core\CM3\startup\arm\startup
_stm32f10x_md.s
Comment: RTC_IRQHandler used once
Reset_Handler 00000000

Symbol: Reset_Handler
   Definitions
      At line 79 in file ..\..\..\Libraries\CMSIS\Core\CM3\startup\arm\startup_
stm32f10x_md.s
   Uses
      At line 61 in file ..\..\..\Libraries\CMSIS\Core\CM3\startup\arm\startup_
stm32f10x_md.s
      At line 80 in file ..\..\..\Libraries\CMSIS\Core\CM3\startup\arm\startup_
stm32f10x_md.s

SPI1_IRQHandler 0000007C

Symbol: SPI1_IRQHandler
   Definitions
      At line 285 in file ..\..\..\Libraries\CMSIS\Core\CM3\startup\arm\startup
_stm32f10x_md.s
   Uses
      At line 241 in file ..\..\..\Libraries\CMSIS\Core\CM3\startup\arm\startup
_stm32f10x_md.s
Comment: SPI1_IRQHandler used once
SPI2_IRQHandler 0000007C

Symbol: SPI2_IRQHandler
   Definitions
      At line 286 in file ..\..\..\Libraries\CMSIS\Core\CM3\startup\arm\startup
_stm32f10x_md.s
   Uses
      At line 242 in file ..\..\..\Libraries\CMSIS\Core\CM3\startup\arm\startup
_stm32f10x_md.s
Comment: SPI2_IRQHandler used once
SVC_Handler 00000074

Symbol: SVC_Handler
   Definitions
      At line 186 in file ..\..\..\Libraries\CMSIS\Core\CM3\startup\arm\startup
_stm32f10x_md.s
   Uses
      At line 187 in file ..\..\..\Libraries\CMSIS\Core\CM3\startup\arm\startup
_stm32f10x_md.s
Comment: SVC_Handler used once



ARM Macro Assembler    Page 9 Alphabetic symbol ordering
Relocatable symbols

SysTick_Handler 0000007A

Symbol: SysTick_Handler
   Definitions
      At line 199 in file ..\..\..\Libraries\CMSIS\Core\CM3\startup\arm\startup
_stm32f10x_md.s
   Uses
      At line 200 in file ..\..\..\Libraries\CMSIS\Core\CM3\startup\arm\startup
_stm32f10x_md.s
Comment: SysTick_Handler used once
TAMPER_IRQHandler 0000007C

Symbol: TAMPER_IRQHandler
   Definitions
      At line 252 in file ..\..\..\Libraries\CMSIS\Core\CM3\startup\arm\startup
_stm32f10x_md.s
   Uses
      At line 208 in file ..\..\..\Libraries\CMSIS\Core\CM3\startup\arm\startup
_stm32f10x_md.s
Comment: TAMPER_IRQHandler used once
TIM1_BRK_IRQHandler 0000007C

Symbol: TIM1_BRK_IRQHandler
   Definitions
      At line 274 in file ..\..\..\Libraries\CMSIS\Core\CM3\startup\arm\startup
_stm32f10x_md.s
   Uses
      At line 230 in file ..\..\..\Libraries\CMSIS\Core\CM3\startup\arm\startup
_stm32f10x_md.s
Comment: TIM1_BRK_IRQHandler used once
TIM1_CC_IRQHandler 0000007C

Symbol: TIM1_CC_IRQHandler
   Definitions
      At line 277 in file ..\..\..\Libraries\CMSIS\Core\CM3\startup\arm\startup
_stm32f10x_md.s
   Uses
      At line 233 in file ..\..\..\Libraries\CMSIS\Core\CM3\startup\arm\startup
_stm32f10x_md.s
Comment: TIM1_CC_IRQHandler used once
TIM1_TRG_COM_IRQHandler 0000007C

Symbol: TIM1_TRG_COM_IRQHandler
   Definitions
      At line 276 in file ..\..\..\Libraries\CMSIS\Core\CM3\startup\arm\startup
_stm32f10x_md.s
   Uses
      At line 232 in file ..\..\..\Libraries\CMSIS\Core\CM3\startup\arm\startup
_stm32f10x_md.s
Comment: TIM1_TRG_COM_IRQHandler used once
TIM1_UP_IRQHandler 0000007C

Symbol: TIM1_UP_IRQHandler
   Definitions
      At line 275 in file ..\..\..\Libraries\CMSIS\Core\CM3\startup\arm\startup
_stm32f10x_md.s
   Uses
      At line 231 in file ..\..\..\Libraries\CMSIS\Core\CM3\startup\arm\startup
_stm32f10x_md.s



ARM Macro Assembler    Page 10 Alphabetic symbol ordering
Relocatable symbols

Comment: TIM1_UP_IRQHandler used once
TIM2_IRQHandler 0000007C

Symbol: TIM2_IRQHandler
   Definitions
      At line 278 in file ..\..\..\Libraries\CMSIS\Core\CM3\startup\arm\startup
_stm32f10x_md.s
   Uses
      At line 234 in file ..\..\..\Libraries\CMSIS\Core\CM3\startup\arm\startup
_stm32f10x_md.s
Comment: TIM2_IRQHandler used once
TIM3_IRQHandler 0000007C

Symbol: TIM3_IRQHandler
   Definitions
      At line 279 in file ..\..\..\Libraries\CMSIS\Core\CM3\startup\arm\startup
_stm32f10x_md.s
   Uses
      At line 235 in file ..\..\..\Libraries\CMSIS\Core\CM3\startup\arm\startup
_stm32f10x_md.s
Comment: TIM3_IRQHandler used once
TIM4_IRQHandler 0000007C

Symbol: TIM4_IRQHandler
   Definitions
      At line 280 in file ..\..\..\Libraries\CMSIS\Core\CM3\startup\arm\startup
_stm32f10x_md.s
   Uses
      At line 236 in file ..\..\..\Libraries\CMSIS\Core\CM3\startup\arm\startup
_stm32f10x_md.s
Comment: TIM4_IRQHandler used once
USART1_IRQHandler 0000007C

Symbol: USART1_IRQHandler
   Definitions
      At line 287 in file ..\..\..\Libraries\CMSIS\Core\CM3\startup\arm\startup
_stm32f10x_md.s
   Uses
      At line 243 in file ..\..\..\Libraries\CMSIS\Core\CM3\startup\arm\startup
_stm32f10x_md.s
Comment: USART1_IRQHandler used once
USART2_IRQHandler 0000007C

Symbol: USART2_IRQHandler
   Definitions
      At line 288 in file ..\..\..\Libraries\CMSIS\Core\CM3\startup\arm\startup
_stm32f10x_md.s
   Uses
      At line 244 in file ..\..\..\Libraries\CMSIS\Core\CM3\startup\arm\startup
_stm32f10x_md.s
Comment: USART2_IRQHandler used once
USART3_IRQHandler 0000007C

Symbol: USART3_IRQHandler
   Definitions
      At line 289 in file ..\..\..\Libraries\CMSIS\Core\CM3\startup\arm\startup
_stm32f10x_md.s
   Uses
      At line 245 in file ..\..\..\Libraries\CMSIS\Core\CM3\startup\arm\startup



ARM Macro Assembler    Page 11 Alphabetic symbol ordering
Relocatable symbols

_stm32f10x_md.s
Comment: USART3_IRQHandler used once
USBWakeUp_IRQHandler 0000007C

Symbol: USBWakeUp_IRQHandler
   Definitions
      At line 292 in file ..\..\..\Libraries\CMSIS\Core\CM3\startup\arm\startup
_stm32f10x_md.s
   Uses
      At line 248 in file ..\..\..\Libraries\CMSIS\Core\CM3\startup\arm\startup
_stm32f10x_md.s
Comment: USBWakeUp_IRQHandler used once
USB_HP_CAN1_TX_IRQHandler 0000007C

Symbol: USB_HP_CAN1_TX_IRQHandler
   Definitions
      At line 269 in file ..\..\..\Libraries\CMSIS\Core\CM3\startup\arm\startup
_stm32f10x_md.s
   Uses
      At line 225 in file ..\..\..\Libraries\CMSIS\Core\CM3\startup\arm\startup
_stm32f10x_md.s
Comment: USB_HP_CAN1_TX_IRQHandler used once
USB_LP_CAN1_RX0_IRQHandler 0000007C

Symbol: USB_LP_CAN1_RX0_IRQHandler
   Definitions
      At line 270 in file ..\..\..\Libraries\CMSIS\Core\CM3\startup\arm\startup
_stm32f10x_md.s
   Uses
      At line 226 in file ..\..\..\Libraries\CMSIS\Core\CM3\startup\arm\startup
_stm32f10x_md.s
Comment: USB_LP_CAN1_RX0_IRQHandler used once
UsageFault_Handler 00000072

Symbol: UsageFault_Handler
   Definitions
      At line 182 in file ..\..\..\Libraries\CMSIS\Core\CM3\startup\arm\startup
_stm32f10x_md.s
   Uses
      At line 183 in file ..\..\..\Libraries\CMSIS\Core\CM3\startup\arm\startup
_stm32f10x_md.s
Comment: UsageFault_Handler used once
WWDG_IRQHandler 0000007C

Symbol: WWDG_IRQHandler
   Definitions
      At line 250 in file ..\..\..\Libraries\CMSIS\Core\CM3\startup\arm\startup
_stm32f10x_md.s
   Uses
      At line 206 in file ..\..\..\Libraries\CMSIS\Core\CM3\startup\arm\startup
_stm32f10x_md.s
Comment: WWDG_IRQHandler used once
64 symbols



ARM Macro Assembler    Page 1 Alphabetic symbol ordering
Absolute symbols

C 0000F000

Symbol: C
   Definitions
      At line 68 in file ..\..\..\Libraries\CMSIS\Core\CM3\startup\arm\startup_
stm32f10x_md.s
   Uses
      None
Comment: C unused
Heap_Size 00000000

Symbol: Heap_Size
   Definitions
      At line 43 in file ..\..\..\Libraries\CMSIS\Core\CM3\startup\arm\startup_
stm32f10x_md.s
   Uses
      At line 47 in file ..\..\..\Libraries\CMSIS\Core\CM3\startup\arm\startup_
stm32f10x_md.s
Comment: Heap_Size used once
NVIC_IRQ0_ENABLE 00000001

Symbol: NVIC_IRQ0_ENABLE
   Definitions
      At line 67 in file ..\..\..\Libraries\CMSIS\Core\CM3\startup\arm\startup_
stm32f10x_md.s
   Uses
      None
Comment: NVIC_IRQ0_ENABLE unused
NVIC_IRQ_STENO E000E100

Symbol: NVIC_IRQ_STENO
   Definitions
      At line 66 in file ..\..\..\Libraries\CMSIS\Core\CM3\startup\arm\startup_
stm32f10x_md.s
   Uses
      None
Comment: NVIC_IRQ_STENO unused
Stack_Size 00000200

Symbol: Stack_Size
   Definitions
      At line 32 in file ..\..\..\Libraries\CMSIS\Core\CM3\startup\arm\startup_
stm32f10x_md.s
   Uses
      At line 35 in file ..\..\..\Libraries\CMSIS\Core\CM3\startup\arm\startup_
stm32f10x_md.s
Comment: Stack_Size used once
const E123E456

Symbol: const
   Definitions
      At line 73 in file ..\..\..\Libraries\CMSIS\Core\CM3\startup\arm\startup_
stm32f10x_md.s
   Uses
      None
Comment: const unused
6 symbols
421 symbols in table
